<?xml version="1.0" encoding="UTF-8"?>
<!-- Generated by org.testng.reporters.JUnitReportReporter -->
<testsuite skipped="0" hostname="LN0C5772E6454B" name="Find_Broken_links.TestPage" tests="1" failures="0" timestamp="31 Jul 2018 06:25:37 GMT" time="15.790" errors="0">
  <testcase name="link" time="15.790" classname="Find_Broken_links.TestPage"/>
</testsuite> <!-- Find_Broken_links.TestPage -->
