<?xml version="1.0" encoding="UTF-8"?>
<!-- Generated by org.testng.reporters.JUnitReportReporter -->
<testsuite hostname="LN0C5772E6454B" name="Find_Broken_links.AppTest" tests="1" failures="0" timestamp="31 Jul 2018 06:19:06 GMT" time="4.677" errors="0">
  <testcase name="goTo" time="4.677" classname="Find_Broken_links.AppTest"/>
</testsuite> <!-- Find_Broken_links.AppTest -->
